0 info it worked if it ends with ok
1 verbose cli [ '/usr/bin/node', '/usr/bin/npm', 'install', '-g', 'express' ]
2 info using npm@6.13.6
3 info using node@v13.8.0
4 verbose npm-session a9479f5ee1e053c7
5 silly install loadCurrentTree
6 silly install readGlobalPackageData
7 http fetch GET 200 https://registry.npmjs.org/express 5688ms
8 http fetch GET 200 https://registry.npmjs.org/express/-/express-4.17.1.tgz 1098ms
9 silly pacote tag manifest for express@latest fetched in 6821ms
10 timing stage:loadCurrentTree Completed in 6850ms
11 silly install loadIdealTree
12 silly install cloneCurrentTreeToIdealTree
13 timing stage:loadIdealTree:cloneCurrentTree Completed in 0ms
14 silly install loadShrinkwrap
15 timing stage:loadIdealTree:loadShrinkwrap Completed in 1ms
16 silly install loadAllDepsIntoIdealTree
17 silly resolveWithNewModule express@4.17.1 checking installable status
18 http fetch GET 200 https://registry.npmjs.org/accepts 719ms
19 http fetch GET 200 https://registry.npmjs.org/encodeurl 823ms
20 http fetch GET 200 https://registry.npmjs.org/cookie-signature 853ms
21 http fetch GET 200 https://registry.npmjs.org/content-type 861ms
22 http fetch GET 200 https://registry.npmjs.org/accepts/-/accepts-1.3.7.tgz 272ms
23 silly pacote range manifest for accepts@~1.3.7 fetched in 1007ms
24 silly resolveWithNewModule accepts@1.3.7 checking installable status
25 http fetch GET 200 https://registry.npmjs.org/content-type/-/content-type-1.0.4.tgz 289ms
26 http fetch GET 200 https://registry.npmjs.org/cookie-signature/-/cookie-signature-1.0.6.tgz 295ms
27 silly pacote range manifest for content-type@~1.0.4 fetched in 1154ms
28 silly resolveWithNewModule content-type@1.0.4 checking installable status
29 silly pacote version manifest for cookie-signature@1.0.6 fetched in 1156ms
30 silly resolveWithNewModule cookie-signature@1.0.6 checking installable status
31 http fetch GET 200 https://registry.npmjs.org/content-disposition 1174ms
32 http fetch GET 200 https://registry.npmjs.org/debug 1360ms
33 http fetch GET 200 https://registry.npmjs.org/content-disposition/-/content-disposition-0.5.3.tgz 303ms
34 http fetch GET 200 https://registry.npmjs.org/encodeurl/-/encodeurl-1.0.2.tgz 614ms
35 silly pacote range manifest for encodeurl@~1.0.2 fetched in 1440ms
36 silly resolveWithNewModule encodeurl@1.0.2 checking installable status
37 silly pacote version manifest for content-disposition@0.5.3 fetched in 1489ms
38 silly resolveWithNewModule content-disposition@0.5.3 checking installable status
39 http fetch GET 200 https://registry.npmjs.org/finalhandler 547ms
40 http fetch GET 200 https://registry.npmjs.org/fresh 258ms
41 http fetch GET 200 https://registry.npmjs.org/merge-descriptors 265ms
42 http fetch GET 200 https://registry.npmjs.org/etag 604ms
43 http fetch GET 200 https://registry.npmjs.org/depd 1838ms
44 http fetch GET 200 https://registry.npmjs.org/finalhandler/-/finalhandler-1.1.2.tgz 265ms
45 silly pacote range manifest for finalhandler@~1.1.2 fetched in 815ms
46 silly resolveWithNewModule finalhandler@1.1.2 checking installable status
47 http fetch GET 200 https://registry.npmjs.org/merge-descriptors/-/merge-descriptors-1.0.1.tgz 263ms
48 silly pacote version manifest for merge-descriptors@1.0.1 fetched in 534ms
49 silly resolveWithNewModule merge-descriptors@1.0.1 checking installable status
50 http fetch GET 200 https://registry.npmjs.org/escape-html 1049ms
51 http fetch GET 200 https://registry.npmjs.org/body-parser 2119ms
52 http fetch GET 200 https://registry.npmjs.org/depd/-/depd-1.1.2.tgz 268ms
53 silly pacote range manifest for depd@~1.1.2 fetched in 2108ms
54 silly resolveWithNewModule depd@1.1.2 checking installable status
55 http fetch GET 200 https://registry.npmjs.org/debug/-/debug-2.6.9.tgz 768ms
56 silly pacote version manifest for debug@2.6.9 fetched in 2132ms
57 silly resolveWithNewModule debug@2.6.9 checking installable status
58 http fetch GET 200 https://registry.npmjs.org/methods 253ms
59 http fetch GET 200 https://registry.npmjs.org/on-finished 260ms
60 http fetch GET 200 https://registry.npmjs.org/cookie 2288ms
61 http fetch GET 200 https://registry.npmjs.org/fresh/-/fresh-0.5.2.tgz 808ms
62 silly pacote version manifest for fresh@0.5.2 fetched in 1068ms
63 silly resolveWithNewModule fresh@0.5.2 checking installable status
64 http fetch GET 200 https://registry.npmjs.org/cookie/-/cookie-0.4.0.tgz 267ms
65 silly pacote version manifest for cookie@0.4.0 fetched in 2558ms
66 silly resolveWithNewModule cookie@0.4.0 checking installable status
67 http fetch GET 200 https://registry.npmjs.org/methods/-/methods-1.1.2.tgz 588ms
68 silly pacote range manifest for methods@~1.1.2 fetched in 849ms
69 silly resolveWithNewModule methods@1.1.2 checking installable status
70 http fetch GET 200 https://registry.npmjs.org/on-finished/-/on-finished-2.3.0.tgz 574ms
71 silly pacote range manifest for on-finished@~2.3.0 fetched in 838ms
72 silly resolveWithNewModule on-finished@2.3.0 checking installable status
73 http fetch GET 200 https://registry.npmjs.org/etag/-/etag-1.8.1.tgz 1100ms
74 silly pacote range manifest for etag@~1.8.1 fetched in 1707ms
75 silly resolveWithNewModule etag@1.8.1 checking installable status
76 http fetch GET 200 https://registry.npmjs.org/escape-html/-/escape-html-1.0.3.tgz 1040ms
77 silly pacote range manifest for escape-html@~1.0.3 fetched in 2096ms
78 silly resolveWithNewModule escape-html@1.0.3 checking installable status
79 http fetch GET 200 https://registry.npmjs.org/proxy-addr 558ms
80 http fetch GET 200 https://registry.npmjs.org/range-parser 277ms
81 http fetch GET 200 https://registry.npmjs.org/array-flatten 3131ms
82 http fetch GET 200 https://registry.npmjs.org/array-flatten/-/array-flatten-1.1.1.tgz 304ms
83 http fetch GET 200 https://registry.npmjs.org/range-parser/-/range-parser-1.2.1.tgz 316ms
84 silly pacote version manifest for array-flatten@1.1.1 fetched in 3452ms
85 silly resolveWithNewModule array-flatten@1.1.1 checking installable status
86 silly pacote range manifest for range-parser@~1.2.1 fetched in 598ms
87 silly resolveWithNewModule range-parser@1.2.1 checking installable status
88 http fetch GET 200 https://registry.npmjs.org/safe-buffer 608ms
89 http fetch GET 200 https://registry.npmjs.org/parseurl 1479ms
90 http fetch GET 200 https://registry.npmjs.org/body-parser/-/body-parser-1.19.0.tgz 1525ms
91 silly pacote version manifest for body-parser@1.19.0 fetched in 3659ms
92 silly resolveWithNewModule body-parser@1.19.0 checking installable status
93 http fetch GET 200 https://registry.npmjs.org/qs 1112ms
94 http fetch GET 200 https://registry.npmjs.org/statuses 261ms
95 http fetch GET 200 https://registry.npmjs.org/path-to-regexp 1666ms
96 http fetch GET 200 https://registry.npmjs.org/parseurl/-/parseurl-1.3.3.tgz 284ms
97 silly pacote range manifest for parseurl@~1.3.3 fetched in 1770ms
98 silly resolveWithNewModule parseurl@1.3.3 checking installable status
99 http fetch GET 200 https://registry.npmjs.org/setprototypeof 507ms
100 http fetch GET 200 https://registry.npmjs.org/serve-static 971ms
101 http fetch GET 200 https://registry.npmjs.org/utils-merge 244ms
102 http fetch GET 200 https://registry.npmjs.org/setprototypeof/-/setprototypeof-1.1.1.tgz 275ms
103 silly pacote version manifest for setprototypeof@1.1.1 fetched in 785ms
104 silly resolveWithNewModule setprototypeof@1.1.1 checking installable status
105 http fetch GET 200 https://registry.npmjs.org/qs/-/qs-6.7.0.tgz 547ms
106 silly pacote version manifest for qs@6.7.0 fetched in 1665ms
107 silly resolveWithNewModule qs@6.7.0 checking installable status
108 http fetch GET 200 https://registry.npmjs.org/proxy-addr/-/proxy-addr-2.0.5.tgz 1142ms
109 silly pacote range manifest for proxy-addr@~2.0.5 fetched in 1702ms
110 silly resolveWithNewModule proxy-addr@2.0.5 checking installable status
111 http fetch GET 200 https://registry.npmjs.org/send 1553ms
112 http fetch GET 200 https://registry.npmjs.org/path-to-regexp/-/path-to-regexp-0.1.7.tgz 630ms
113 silly pacote version manifest for path-to-regexp@0.1.7 fetched in 2307ms
114 silly resolveWithNewModule path-to-regexp@0.1.7 checking installable status
115 http fetch GET 200 https://registry.npmjs.org/vary 267ms
116 http fetch GET 200 https://registry.npmjs.org/serve-static/-/serve-static-1.14.1.tgz 592ms
117 silly pacote version manifest for serve-static@1.14.1 fetched in 1565ms
118 silly resolveWithNewModule serve-static@1.14.1 checking installable status
119 http fetch GET 200 https://registry.npmjs.org/vary/-/vary-1.1.2.tgz 269ms
120 silly pacote range manifest for vary@~1.1.2 fetched in 540ms
121 silly resolveWithNewModule vary@1.1.2 checking installable status
122 http fetch GET 200 https://registry.npmjs.org/type-is 1509ms
123 http fetch GET 200 https://registry.npmjs.org/utils-merge/-/utils-merge-1.0.1.tgz 1096ms
124 silly pacote version manifest for utils-merge@1.0.1 fetched in 1342ms
125 silly resolveWithNewModule utils-merge@1.0.1 checking installable status
126 http fetch GET 200 https://registry.npmjs.org/send/-/send-0.17.1.tgz 833ms
127 silly pacote version manifest for send@0.17.1 fetched in 2389ms
128 silly resolveWithNewModule send@0.17.1 checking installable status
129 http fetch GET 200 https://registry.npmjs.org/statuses/-/statuses-1.5.0.tgz 1704ms
130 silly pacote range manifest for statuses@~1.5.0 fetched in 1969ms
131 silly resolveWithNewModule statuses@1.5.0 checking installable status
132 http fetch GET 200 https://registry.npmjs.org/safe-buffer/-/safe-buffer-5.1.2.tgz 2036ms
133 silly pacote version manifest for safe-buffer@5.1.2 fetched in 2649ms
134 silly resolveWithNewModule safe-buffer@5.1.2 checking installable status
135 http fetch GET 200 https://registry.npmjs.org/type-is/-/type-is-1.6.18.tgz 723ms
136 silly pacote range manifest for type-is@~1.6.18 fetched in 2239ms
137 silly resolveWithNewModule type-is@1.6.18 checking installable status
138 http fetch GET 200 https://registry.npmjs.org/negotiator 549ms
139 http fetch GET 200 https://registry.npmjs.org/mime-types 561ms
140 http fetch GET 200 https://registry.npmjs.org/negotiator/-/negotiator-0.6.2.tgz 672ms
141 silly pacote version manifest for negotiator@0.6.2 fetched in 1238ms
142 silly resolveWithNewModule negotiator@0.6.2 checking installable status
143 http fetch GET 200 https://registry.npmjs.org/mime-types/-/mime-types-2.1.26.tgz 2050ms
144 silly pacote range manifest for mime-types@~2.1.24 fetched in 2615ms
145 silly resolveWithNewModule mime-types@2.1.26 checking installable status
146 http fetch GET 200 https://registry.npmjs.org/mime-db 1713ms
147 http fetch GET 200 https://registry.npmjs.org/mime-db/-/mime-db-1.43.0.tgz 1846ms
148 silly pacote version manifest for mime-db@1.43.0 fetched in 3563ms
149 silly resolveWithNewModule mime-db@1.43.0 checking installable status
150 http fetch GET 200 https://registry.npmjs.org/bytes 299ms
151 http fetch GET 200 https://registry.npmjs.org/raw-body 555ms
152 http fetch GET 200 https://registry.npmjs.org/http-errors 556ms
153 http fetch GET 200 https://registry.npmjs.org/bytes/-/bytes-3.1.0.tgz 294ms
154 silly pacote version manifest for bytes@3.1.0 fetched in 595ms
155 silly resolveWithNewModule bytes@3.1.0 checking installable status
156 http fetch GET 200 https://registry.npmjs.org/iconv-lite 794ms
157 http fetch GET 200 https://registry.npmjs.org/http-errors/-/http-errors-1.7.2.tgz 301ms
158 silly pacote version manifest for http-errors@1.7.2 fetched in 868ms
159 silly resolveWithNewModule http-errors@1.7.2 checking installable status
160 http fetch GET 200 https://registry.npmjs.org/raw-body/-/raw-body-2.4.0.tgz 555ms
161 silly pacote version manifest for raw-body@2.4.0 fetched in 1117ms
162 silly resolveWithNewModule raw-body@2.4.0 checking installable status
163 http fetch GET 200 https://registry.npmjs.org/iconv-lite/-/iconv-lite-0.4.24.tgz 2643ms
164 silly pacote version manifest for iconv-lite@0.4.24 fetched in 3444ms
165 silly resolveWithNewModule iconv-lite@0.4.24 checking installable status
166 http fetch GET 200 https://registry.npmjs.org/ms 1118ms
167 http fetch GET 200 https://registry.npmjs.org/ms/-/ms-2.0.0.tgz 267ms
168 silly pacote version manifest for ms@2.0.0 fetched in 1388ms
169 silly resolveWithNewModule ms@2.0.0 checking installable status
170 http fetch GET 200 https://registry.npmjs.org/toidentifier 273ms
171 http fetch GET 200 https://registry.npmjs.org/toidentifier/-/toidentifier-1.0.0.tgz 291ms
172 silly pacote version manifest for toidentifier@1.0.0 fetched in 566ms
173 silly resolveWithNewModule toidentifier@1.0.0 checking installable status
174 http fetch GET 200 https://registry.npmjs.org/inherits 2404ms
175 http fetch GET 200 https://registry.npmjs.org/inherits/-/inherits-2.0.3.tgz 265ms
176 silly pacote version manifest for inherits@2.0.3 fetched in 2674ms
177 silly resolveWithNewModule inherits@2.0.3 checking installable status
178 http fetch GET 200 https://registry.npmjs.org/safer-buffer 264ms
179 http fetch GET 200 https://registry.npmjs.org/safer-buffer/-/safer-buffer-2.1.2.tgz 630ms
180 silly pacote range manifest for safer-buffer@>= 2.1.2 < 3 fetched in 898ms
181 silly resolveWithNewModule safer-buffer@2.1.2 checking installable status
182 http fetch GET 200 https://registry.npmjs.org/ee-first 625ms
183 http fetch GET 200 https://registry.npmjs.org/ee-first/-/ee-first-1.1.1.tgz 1075ms
184 silly pacote version manifest for ee-first@1.1.1 fetched in 1701ms
185 silly resolveWithNewModule ee-first@1.1.1 checking installable status
186 http fetch GET 200 https://registry.npmjs.org/unpipe 842ms
187 http fetch GET 200 https://registry.npmjs.org/unpipe/-/unpipe-1.0.0.tgz 286ms
188 silly pacote version manifest for unpipe@1.0.0 fetched in 1131ms
189 silly resolveWithNewModule unpipe@1.0.0 checking installable status
190 http fetch GET 200 https://registry.npmjs.org/media-typer 787ms
191 http fetch GET 200 https://registry.npmjs.org/media-typer/-/media-typer-0.3.0.tgz 558ms
192 silly pacote version manifest for media-typer@0.3.0 fetched in 1348ms
193 silly resolveWithNewModule media-typer@0.3.0 checking installable status
194 http fetch GET 200 https://registry.npmjs.org/forwarded 263ms
195 http fetch GET 200 https://registry.npmjs.org/forwarded/-/forwarded-0.1.2.tgz 263ms
196 silly pacote range manifest for forwarded@~0.1.2 fetched in 529ms
197 silly resolveWithNewModule forwarded@0.1.2 checking installable status
198 http fetch GET 200 https://registry.npmjs.org/ipaddr.js 756ms
199 http fetch GET 200 https://registry.npmjs.org/ipaddr.js/-/ipaddr.js-1.9.0.tgz 1067ms
200 silly pacote version manifest for ipaddr.js@1.9.0 fetched in 1826ms
201 silly resolveWithNewModule ipaddr.js@1.9.0 checking installable status
202 http fetch GET 200 https://registry.npmjs.org/destroy 275ms
203 http fetch GET 200 https://registry.npmjs.org/mime 312ms
204 http fetch GET 200 https://registry.npmjs.org/destroy/-/destroy-1.0.4.tgz 565ms
205 silly pacote range manifest for destroy@~1.0.4 fetched in 847ms
206 silly resolveWithNewModule destroy@1.0.4 checking installable status
207 http fetch GET 200 https://registry.npmjs.org/mime/-/mime-1.6.0.tgz 622ms
208 silly pacote version manifest for mime@1.6.0 fetched in 937ms
209 silly resolveWithNewModule mime@1.6.0 checking installable status
210 http fetch GET 200 https://registry.npmjs.org/ms/-/ms-2.1.1.tgz 985ms
211 silly pacote version manifest for ms@2.1.1 fetched in 988ms
212 silly resolveWithNewModule ms@2.1.1 checking installable status
213 timing stage:loadIdealTree:loadAllDepsIntoIdealTree Completed in 27645ms
214 timing stage:loadIdealTree Completed in 27685ms
215 silly currentTree lib
216 silly idealTree lib
216 silly idealTree └─┬ express@4.17.1
216 silly idealTree   ├── accepts@1.3.7
216 silly idealTree   ├── array-flatten@1.1.1
216 silly idealTree   ├── body-parser@1.19.0
216 silly idealTree   ├── bytes@3.1.0
216 silly idealTree   ├── content-disposition@0.5.3
216 silly idealTree   ├── content-type@1.0.4
216 silly idealTree   ├── cookie-signature@1.0.6
216 silly idealTree   ├── cookie@0.4.0
216 silly idealTree   ├── debug@2.6.9
216 silly idealTree   ├── depd@1.1.2
216 silly idealTree   ├── destroy@1.0.4
216 silly idealTree   ├── ee-first@1.1.1
216 silly idealTree   ├── encodeurl@1.0.2
216 silly idealTree   ├── escape-html@1.0.3
216 silly idealTree   ├── etag@1.8.1
216 silly idealTree   ├── finalhandler@1.1.2
216 silly idealTree   ├── forwarded@0.1.2
216 silly idealTree   ├── fresh@0.5.2
216 silly idealTree   ├── http-errors@1.7.2
216 silly idealTree   ├── iconv-lite@0.4.24
216 silly idealTree   ├── inherits@2.0.3
216 silly idealTree   ├── ipaddr.js@1.9.0
216 silly idealTree   ├── media-typer@0.3.0
216 silly idealTree   ├── merge-descriptors@1.0.1
216 silly idealTree   ├── methods@1.1.2
216 silly idealTree   ├── mime-db@1.43.0
216 silly idealTree   ├── mime-types@2.1.26
216 silly idealTree   ├── mime@1.6.0
216 silly idealTree   ├── ms@2.0.0
216 silly idealTree   ├── negotiator@0.6.2
216 silly idealTree   ├── on-finished@2.3.0
216 silly idealTree   ├── parseurl@1.3.3
216 silly idealTree   ├── path-to-regexp@0.1.7
216 silly idealTree   ├── proxy-addr@2.0.5
216 silly idealTree   ├── qs@6.7.0
216 silly idealTree   ├── range-parser@1.2.1
216 silly idealTree   ├── raw-body@2.4.0
216 silly idealTree   ├── safe-buffer@5.1.2
216 silly idealTree   ├── safer-buffer@2.1.2
216 silly idealTree   ├─┬ send@0.17.1
216 silly idealTree   │ └── ms@2.1.1
216 silly idealTree   ├── serve-static@1.14.1
216 silly idealTree   ├── setprototypeof@1.1.1
216 silly idealTree   ├── statuses@1.5.0
216 silly idealTree   ├── toidentifier@1.0.0
216 silly idealTree   ├── type-is@1.6.18
216 silly idealTree   ├── unpipe@1.0.0
216 silly idealTree   ├── utils-merge@1.0.1
216 silly idealTree   └── vary@1.1.2
217 silly install generateActionsToTake
218 warn checkPermissions Missing write access to /usr/lib/node_modules
219 timing stage:rollbackFailedOptional Completed in 0ms
220 timing stage:runTopLevelLifecycles Completed in 34547ms
221 verbose stack Error: EACCES: permission denied, access '/usr/lib/node_modules'
222 verbose cwd /home/biungshenoo
223 verbose Linux 4.15.0-29-generic
224 verbose argv "/usr/bin/node" "/usr/bin/npm" "install" "-g" "express"
225 verbose node v13.8.0
226 verbose npm  v6.13.6
227 error code EACCES
228 error syscall access
229 error path /usr/lib/node_modules
230 error errno -13
231 error Error: EACCES: permission denied, access '/usr/lib/node_modules'
231 error  [Error: EACCES: permission denied, access '/usr/lib/node_modules'] {
231 error   stack: "Error: EACCES: permission denied, access '/usr/lib/node_modules'",
231 error   errno: -13,
231 error   code: 'EACCES',
231 error   syscall: 'access',
231 error   path: '/usr/lib/node_modules'
231 error }
232 error The operation was rejected by your operating system.
232 error It is likely you do not have the permissions to access this file as the current user
232 error
232 error If you believe this might be a permissions issue, please double-check the
232 error permissions of the file and its containing directories, or try running
232 error the command again as root/Administrator.
233 verbose exit [ -13, true ]
